Command line:
   PLEASEWORK_isim_beh.exe
     -simmode  gui
     -simrunnum  0
     -socket  58755

Mon Nov 15 11:16:08 2021


 Elaboration Time: 0.03 sec

 Current Memory Usage: 194.163 Meg

 Total Signals          : 123
 Total Nets             : 649
 Total Signal Drivers   : 28
 Total Blocks           : 23
 Total Primitive Blocks : 20
 Total Processes        : 49
 Total Traceable Variables  : 41
 Total Scalar Nets and Variables : 1365
Total Line Count : 153

 Total Simulation Time: 0.2 sec

 Current Memory Usage: 269.664 Meg

Mon Nov 15 11:17:49 2021

