Command line:
   RegisterBank_isim_beh.exe
     -simmode  gui
     -simrunnum  1
     -socket  39373

Sat Nov 13 10:57:11 2021


 Elaboration Time: 0.02 sec

 Current Memory Usage: 192.811 Meg

 Total Signals          : 16
 Total Nets             : 33
 Total Signal Drivers   : 6
 Total Blocks           : 3
 Total Primitive Blocks : 2
 Total Processes        : 8
 Total Traceable Variables  : 19
 Total Scalar Nets and Variables : 129
Total Line Count : 34

 Total Simulation Time: 0.03 sec

 Current Memory Usage: 268.313 Meg

Sat Nov 13 10:57:53 2021

