Command line:
   simulationFoRegisters_isim_beh.exe
     -simmode  gui
     -simrunnum  0
     -socket  46353

Sat Nov 13 11:14:45 2021


 Elaboration Time: 0.02 sec

 Current Memory Usage: 192.815 Meg

 Total Signals          : 17
 Total Nets             : 33
 Total Signal Drivers   : 7
 Total Blocks           : 4
 Total Primitive Blocks : 2
 Total Processes        : 11
 Total Traceable Variables  : 20
 Total Scalar Nets and Variables : 133
Total Line Count : 53

 Total Simulation Time: 0.03 sec

 Current Memory Usage: 268.317 Meg

Sat Nov 13 11:14:52 2021

