Command line:
   singleRegister32_isim_beh.exe
     -simmode  gui
     -simrunnum  0
     -socket  37549

Sat Nov 13 20:46:59 2021


 Elaboration Time: 0.02 sec

 Current Memory Usage: 192.807 Meg

 Total Signals          : 15
 Total Nets             : 78
 Total Signal Drivers   : 6
 Total Blocks           : 2
 Total Primitive Blocks : 2
 Total Processes        : 8
 Total Traceable Variables  : 19
 Total Scalar Nets and Variables : 190
Total Line Count : 18

 Total Simulation Time: 0.04 sec

 Current Memory Usage: 268.308 Meg

Sat Nov 13 20:47:04 2021

